<?xml version="1.0" encoding="UTF-8"?>
<!-- Generated by org.testng.reporters.JUnitXMLReporter -->
<testsuite ignored="6" hostname="SAO-LT-200922A" failures="10" tests="10" name="Command line test" time="5.649" errors="0" timestamp="04 Nov 2020 01:25:12 GMT">
  <testcase classname="Challenge.tests.TestCheckout" name="ValidatePurchaseCompleted" time="0.0">
    <failure type="java.lang.NullPointerException">
      <![CDATA[java.lang.NullPointerException
at Challenge.pages.BasePage.type(BasePage.java:16)
at Challenge.pages.LoginPage.typeValidUsername(LoginPage.java:22)
at Challenge.tests.TestCheckout.ValidatePurchaseCompleted(TestCheckout.java:94)
... Removed 35 stack frames]]>
    </failure>
  </testcase> <!-- ValidatePurchaseCompleted -->
  <testcase classname="Challenge.tests.TestCheckout" name="validateItemsAddedInOverview" time="0.001">
    <failure type="java.lang.NullPointerException">
      <![CDATA[java.lang.NullPointerException
at Challenge.pages.BasePage.type(BasePage.java:16)
at Challenge.pages.LoginPage.typeValidUsername(LoginPage.java:22)
at Challenge.tests.TestCheckout.validateItemsAddedInOverview(TestCheckout.java:74)
... Removed 35 stack frames]]>
    </failure>
  </testcase> <!-- validateItemsAddedInOverview -->
  <testcase classname="Challenge.tests.TestCheckout" name="validateMissingZipCode" time="0.0">
    <failure type="java.lang.NullPointerException">
      <![CDATA[java.lang.NullPointerException
at Challenge.pages.BasePage.type(BasePage.java:16)
at Challenge.pages.LoginPage.typeValidUsername(LoginPage.java:22)
at Challenge.tests.TestCheckout.validateMissingZipCode(TestCheckout.java:40)
... Removed 35 stack frames]]>
    </failure>
  </testcase> <!-- validateMissingZipCode -->
  <testcase classname="Challenge.tests.TestCheckout" name="validateOverviewNavigation" time="0.0">
    <failure type="java.lang.NullPointerException">
      <![CDATA[java.lang.NullPointerException
at Challenge.pages.BasePage.type(BasePage.java:16)
at Challenge.pages.LoginPage.typeValidUsername(LoginPage.java:22)
at Challenge.tests.TestCheckout.validateOverviewNavigation(TestCheckout.java:58)
... Removed 35 stack frames]]>
    </failure>
  </testcase> <!-- validateOverviewNavigation -->
  <testcase classname="Challenge.tests.TestLogin" name="testInvalidUser" time="0.0">
    <failure type="java.lang.NullPointerException">
      <![CDATA[java.lang.NullPointerException
at Challenge.pages.BasePage.type(BasePage.java:16)
at Challenge.pages.LoginPage.typeInvalidUsername(LoginPage.java:34)
at Challenge.tests.TestLogin.testInvalidUser(TestLogin.java:32)
... Removed 35 stack frames]]>
    </failure>
  </testcase> <!-- testInvalidUser -->
  <testcase classname="Challenge.tests.TestLogin" name="testLogoutProductsPage" time="0.001">
    <failure type="java.lang.NullPointerException">
      <![CDATA[java.lang.NullPointerException
at Challenge.pages.BasePage.type(BasePage.java:16)
at Challenge.pages.LoginPage.typeValidUsername(LoginPage.java:22)
at Challenge.tests.TestLogin.testLogoutProductsPage(TestLogin.java:39)
... Removed 35 stack frames]]>
    </failure>
  </testcase> <!-- testLogoutProductsPage -->
  <testcase classname="Challenge.tests.TestLogin" name="testValidUser" time="0.0">
    <failure type="java.lang.NullPointerException">
      <![CDATA[java.lang.NullPointerException
at Challenge.pages.BasePage.type(BasePage.java:16)
at Challenge.pages.LoginPage.typeValidUsername(LoginPage.java:22)
at Challenge.tests.TestLogin.testValidUser(TestLogin.java:23)
... Removed 35 stack frames]]>
    </failure>
  </testcase> <!-- testValidUser -->
  <testcase classname="Challenge.tests.TestShoppingCart" name="testShoppingCartNavigation" time="0.0">
    <failure type="java.lang.NullPointerException">
      <![CDATA[java.lang.NullPointerException
at Challenge.pages.BasePage.type(BasePage.java:16)
at Challenge.pages.LoginPage.typeValidUsername(LoginPage.java:22)
at Challenge.tests.TestShoppingCart.testShoppingCartNavigation(TestShoppingCart.java:30)
... Removed 35 stack frames]]>
    </failure>
  </testcase> <!-- testShoppingCartNavigation -->
  <testcase classname="Challenge.tests.TestShoppingCart" name="validateShoppingCartMultipleItems" time="0.001">
    <failure type="java.lang.NullPointerException">
      <![CDATA[java.lang.NullPointerException
at Challenge.pages.BasePage.type(BasePage.java:16)
at Challenge.pages.LoginPage.typeValidUsername(LoginPage.java:22)
at Challenge.tests.TestShoppingCart.validateShoppingCartMultipleItems(TestShoppingCart.java:49)
... Removed 35 stack frames]]>
    </failure>
  </testcase> <!-- validateShoppingCartMultipleItems -->
  <testcase classname="Challenge.tests.TestShoppingCart" name="validateShoppingCartSingleItem" time="0.0">
    <failure type="java.lang.NullPointerException">
      <![CDATA[java.lang.NullPointerException
at Challenge.pages.BasePage.type(BasePage.java:16)
at Challenge.pages.LoginPage.typeValidUsername(LoginPage.java:22)
at Challenge.tests.TestShoppingCart.validateShoppingCartSingleItem(TestShoppingCart.java:39)
... Removed 35 stack frames]]>
    </failure>
  </testcase> <!-- validateShoppingCartSingleItem -->
  <testcase classname="Challenge.tests.BaseTest" name="@BeforeTest baseSetup" time="0.0">
    <ignored/>
  </testcase> <!-- @BeforeTest baseSetup -->
  <testcase classname="Challenge.tests.BaseTest" name="@BeforeTest baseSetup" time="0.0">
    <ignored/>
  </testcase> <!-- @BeforeTest baseSetup -->
  <testcase classname="Challenge.tests.BaseTest" name="@BeforeTest baseSetup" time="0.0">
    <ignored/>
  </testcase> <!-- @BeforeTest baseSetup -->
  <testcase classname="Challenge.tests.BaseTest" name="@AfterTest baseTearDown" time="0.0">
    <ignored/>
  </testcase> <!-- @AfterTest baseTearDown -->
  <testcase classname="Challenge.tests.BaseTest" name="@AfterTest baseTearDown" time="0.0">
    <ignored/>
  </testcase> <!-- @AfterTest baseTearDown -->
  <testcase classname="Challenge.tests.BaseTest" name="@AfterTest baseTearDown" time="0.0">
    <ignored/>
  </testcase> <!-- @AfterTest baseTearDown -->
</testsuite> <!-- Command line test -->
