<?xml version="1.0" encoding="UTF-8" ?>
<testsuite tests="10" failures="10" name="TestSuite" time="0.012" errors="0" skipped="0">
  <properties>
[...]
</properties>
  <testcase classname="Challenge.tests.TestCheckout" name="ValidatePurchaseCompleted" time="0.007">
    <failure type="java.lang.NullPointerException">java.lang.NullPointerException
	at Challenge.pages.BasePage.type(BasePage.java:16)
	at Challenge.pages.LoginPage.typeValidUsername(LoginPage.java:22)
	at Challenge.tests.TestCheckout.ValidatePurchaseCompleted(TestCheckout.java:94)
</failure>
    <system-out>Configuring TestNG with: org.apache.maven.surefire.testng.conf.TestNG652Configurator@6737fd8f
</system-out>
    <system-err>Starting ChromeDriver 85.0.4183.87 (cd6713ebf92fa1cacc0f1a598df280093af0c5d7-refs/branch-heads/4183@{#1689}) on port 9902
Only local connections are allowed.
Please see https://chromedriver.chromium.org/security-considerations for suggestions on keeping ChromeDriver safe.
ChromeDriver was started successfully.
[1604453108.529][WARNING]: This version of ChromeDriver has not been tested with Chrome version 86.
Nov 03, 2020 7:25:10 PM org.openqa.selenium.remote.ProtocolHandshake createSession
INFO: Detected dialect: W3C
</system-err>
  </testcase>
  <testcase classname="Challenge.tests.TestCheckout" name="validateItemsAddedInOverview" time="0">
    <failure type="java.lang.NullPointerException">java.lang.NullPointerException
	at Challenge.pages.BasePage.type(BasePage.java:16)
	at Challenge.pages.LoginPage.typeValidUsername(LoginPage.java:22)
	at Challenge.tests.TestCheckout.validateItemsAddedInOverview(TestCheckout.java:74)
</failure>
  </testcase>
  <testcase classname="Challenge.tests.TestCheckout" name="validateMissingZipCode" time="0">
    <failure type="java.lang.NullPointerException">java.lang.NullPointerException
	at Challenge.pages.BasePage.type(BasePage.java:16)
	at Challenge.pages.LoginPage.typeValidUsername(LoginPage.java:22)
	at Challenge.tests.TestCheckout.validateMissingZipCode(TestCheckout.java:40)
</failure>
  </testcase>
  <testcase classname="Challenge.tests.TestCheckout" name="validateOverviewNavigation" time="0">
    <failure type="java.lang.NullPointerException">java.lang.NullPointerException
	at Challenge.pages.BasePage.type(BasePage.java:16)
	at Challenge.pages.LoginPage.typeValidUsername(LoginPage.java:22)
	at Challenge.tests.TestCheckout.validateOverviewNavigation(TestCheckout.java:58)
</failure>
  </testcase>
  <testcase classname="Challenge.tests.TestLogin" name="testInvalidUser" time="0">
    <failure type="java.lang.NullPointerException">java.lang.NullPointerException
	at Challenge.pages.BasePage.type(BasePage.java:16)
	at Challenge.pages.LoginPage.typeInvalidUsername(LoginPage.java:34)
	at Challenge.tests.TestLogin.testInvalidUser(TestLogin.java:32)
</failure>
  </testcase>
  <testcase classname="Challenge.tests.TestLogin" name="testLogoutProductsPage" time="0.001">
    <failure type="java.lang.NullPointerException">java.lang.NullPointerException
	at Challenge.pages.BasePage.type(BasePage.java:16)
	at Challenge.pages.LoginPage.typeValidUsername(LoginPage.java:22)
	at Challenge.tests.TestLogin.testLogoutProductsPage(TestLogin.java:39)
</failure>
  </testcase>
  <testcase classname="Challenge.tests.TestLogin" name="testValidUser" time="0.001">
    <failure type="java.lang.NullPointerException">java.lang.NullPointerException
	at Challenge.pages.BasePage.type(BasePage.java:16)
	at Challenge.pages.LoginPage.typeValidUsername(LoginPage.java:22)
	at Challenge.tests.TestLogin.testValidUser(TestLogin.java:23)
</failure>
  </testcase>
  <testcase classname="Challenge.tests.TestShoppingCart" name="testShoppingCartNavigation" time="0.001">
    <failure type="java.lang.NullPointerException">java.lang.NullPointerException
	at Challenge.pages.BasePage.type(BasePage.java:16)
	at Challenge.pages.LoginPage.typeValidUsername(LoginPage.java:22)
	at Challenge.tests.TestShoppingCart.testShoppingCartNavigation(TestShoppingCart.java:30)
</failure>
  </testcase>
  <testcase classname="Challenge.tests.TestShoppingCart" name="validateShoppingCartMultipleItems" time="0.001">
    <failure type="java.lang.NullPointerException">java.lang.NullPointerException
	at Challenge.pages.BasePage.type(BasePage.java:16)
	at Challenge.pages.LoginPage.typeValidUsername(LoginPage.java:22)
	at Challenge.tests.TestShoppingCart.validateShoppingCartMultipleItems(TestShoppingCart.java:49)
</failure>
  </testcase>
  <testcase classname="Challenge.tests.TestShoppingCart" name="validateShoppingCartSingleItem" time="0.001">
    <failure type="java.lang.NullPointerException">java.lang.NullPointerException
	at Challenge.pages.BasePage.type(BasePage.java:16)
	at Challenge.pages.LoginPage.typeValidUsername(LoginPage.java:22)
	at Challenge.tests.TestShoppingCart.validateShoppingCartSingleItem(TestShoppingCart.java:39)
</failure>
  </testcase>
</testsuite>